<?xml version="1.0" encoding="UTF-8"?>
<!-- Generated by org.testng.reporters.JUnitXMLReporter -->
<testsuite ignored="0" hostname="Viswakanth2122" failures="0" tests="3" name="Test" time="13.98" errors="0" timestamp="2025-09-09T16:45:16 IST">
  <testcase classname="datadriven.ParameterTesting" name="testLogo" time="0.036"/>
  <testcase classname="datadriven.ParameterTesting" name="testTitle" time="0.033"/>
  <testcase classname="datadriven.ParameterTesting" name="testURL" time="0.01"/>
</testsuite> <!-- Test -->
