<?xml version="1.0" encoding="UTF-8"?>
<testng-results ignored="0" total="1" passed="1" failed="0" skipped="0">
  <reporter-output>
  </reporter-output>
  <suite started-at="2025-09-13T10:22:47 IST" name="Default suite" finished-at="2025-09-13T10:22:47 IST" duration-ms="86">
    <groups>
    </groups>
    <test started-at="2025-09-13T10:22:47 IST" name="Default test" finished-at="2025-09-13T10:22:47 IST" duration-ms="86">
      <class name="day1.NewTest">
        <test-method signature="newtest()[pri:0, instance:day1.NewTest@4c402120]" started-at="2025-09-13T10:22:47 IST" name="newtest" finished-at="2025-09-13T10:22:47 IST" duration-ms="31" status="PASS">
          <reporter-output>
          </reporter-output>
        </test-method> <!-- newtest -->
      </class> <!-- day1.NewTest -->
    </test> <!-- Default test -->
  </suite> <!-- Default suite -->
</testng-results>
